/home/cvlab/anaconda3/envs/torch/lib/python3.7/site-packages/visdom/server.py:39: DeprecationWarning: zmq.eventloop.ioloop is deprecated in pyzmq 17. pyzmq now works with default tornado and asyncio eventloops.
  ioloop.install()  # Needs to happen before any tornado imports!
INFO:root:Application Started
Traceback (most recent call last):
  File "/home/cvlab/anaconda3/envs/torch/lib/python3.7/runpy.py", line 193, in _run_module_as_main
    "__main__", mod_spec)
  File "/home/cvlab/anaconda3/envs/torch/lib/python3.7/runpy.py", line 85, in _run_code
    exec(code, run_globals)
  File "/home/cvlab/anaconda3/envs/torch/lib/python3.7/site-packages/visdom/server.py", line 1922, in <module>
    download_scripts_and_run()
  File "/home/cvlab/anaconda3/envs/torch/lib/python3.7/site-packages/visdom/server.py", line 1918, in download_scripts_and_run
    main()
  File "/home/cvlab/anaconda3/envs/torch/lib/python3.7/site-packages/visdom/server.py", line 1913, in main
    use_frontend_client_polling=FLAGS.use_frontend_client_polling)
  File "/home/cvlab/anaconda3/envs/torch/lib/python3.7/site-packages/visdom/server.py", line 1803, in start_server
    ioloop.IOLoop.instance().start()
  File "/home/cvlab/anaconda3/envs/torch/lib/python3.7/site-packages/tornado/platform/asyncio.py", line 149, in start
    self.asyncio_loop.run_forever()
  File "/home/cvlab/anaconda3/envs/torch/lib/python3.7/asyncio/base_events.py", line 538, in run_forever
    self._run_once()
  File "/home/cvlab/anaconda3/envs/torch/lib/python3.7/asyncio/base_events.py", line 1746, in _run_once
    event_list = self._selector.select(timeout)
  File "/home/cvlab/anaconda3/envs/torch/lib/python3.7/selectors.py", line 468, in select
    fd_event_list = self._selector.poll(timeout, max_ev)
KeyboardInterrupt
Checking for scripts.
It's Alive!
You can navigate to http://localhost:8097
